<?xml version="1.0" encoding="UTF-8"?>
<!-- Generated by org.testng.reporters.JUnitXMLReporter -->
<testsuite hostname="hp-PC" ignored="0" name="Default test" tests="2" failures="0" timestamp="02 May 2020 14:19:45 GMT" time="0.768" errors="0">
  <testcase name="feature" time="0.33" classname="TestRunner.TestRunner">
    <skipped/>
  </testcase> <!-- feature -->
  <testcase name="feature" time="0.015" classname="TestRunner.TestRunner">
    <skipped/>
  </testcase> <!-- feature -->
</testsuite> <!-- Default test -->
